22-08-2021 02:21:48.830 [Gauge] [INFO] Watching directory: C:\Users\ASUS\IdeaProjects\UITestCaseExercise\specs
22-08-2021 02:21:48.832 [Gauge] [DEBUG] Found 1 files
22-08-2021 02:21:48.837 [Gauge] [INFO] Initializing concepts cache with 0 concepts
22-08-2021 02:21:48.847 [Gauge] [INFO] Initializing specs cache with 1 specs
22-08-2021 02:21:48.847 [Gauge] [DEBUG] Adding specs from C:\Users\ASUS\IdeaProjects\UITestCaseExercise\specs\example.spec
22-08-2021 02:21:48.847 [Gauge] [INFO] Initializing steps cache with 1 steps
22-08-2021 02:21:48.847 [Gauge] [INFO] Gauge daemon initialized and listening on port: 50550
22-08-2021 03:52:59.546 [Gauge] [INFO] Watching directory: C:\Users\ASUS\IdeaProjects\UITestCaseExercise\specs
22-08-2021 03:52:59.547 [Gauge] [DEBUG] Found 1 files
22-08-2021 03:52:59.552 [Gauge] [INFO] Initializing concepts cache with 0 concepts
22-08-2021 03:52:59.553 [Gauge] [INFO] Spec file added / modified: C:\Users\ASUS\IdeaProjects\UITestCaseExercise\specs\example.spec
22-08-2021 03:52:59.553 [Gauge] [INFO] Initializing specs cache with 1 specs
22-08-2021 03:52:59.553 [Gauge] [DEBUG] Adding specs from C:\Users\ASUS\IdeaProjects\UITestCaseExercise\specs\example.spec
22-08-2021 03:52:59.553 [Gauge] [INFO] Initializing steps cache with 1 steps
22-08-2021 03:52:59.553 [Gauge] [INFO] Gauge daemon initialized and listening on port: 49854
22-08-2021 03:57:45.718 [Gauge] [DEBUG] Api Request Received: messageType:GetStepValueRequest  messageId:4  stepValueRequest:{stepText:"Open the Gauge homepage"}
22-08-2021 03:57:45.720 [Gauge] [DEBUG] Sending API response: messageType:GetStepValueResponse  messageId:4  stepValueResponse:{stepValue:{stepValue:"Open the Gauge homepage"  parameterizedStepValue:"Open the Gauge homepage"}}
22-08-2021 03:57:46.100 [Gauge] [DEBUG] Api Request Received: messageType:GetStepValueRequest  messageId:4  stepValueRequest:{stepText:"Go to Gauge Get Started Page"}
22-08-2021 03:57:46.100 [Gauge] [DEBUG] Sending API response: messageType:GetStepValueResponse  messageId:4  stepValueResponse:{stepValue:{stepValue:"Go to Gauge Get Started Page"  parameterizedStepValue:"Go to Gauge Get Started Page"}}
22-08-2021 03:57:46.249 [Gauge] [DEBUG] Api Request Received: messageType:GetStepValueRequest  messageId:4  stepValueRequest:{stepText:"Ensure installation instructions are available"}
22-08-2021 03:57:46.249 [Gauge] [DEBUG] Sending API response: messageType:GetStepValueResponse  messageId:4  stepValueResponse:{stepValue:{stepValue:"Ensure installation instructions are available"  parameterizedStepValue:"Ensure installation instructions are available"}}
22-08-2021 03:59:24.747 [Gauge] [INFO] Spec file removed: C:\Users\ASUS\IdeaProjects\UITestCaseExercise\specs\example.spec
22-08-2021 15:27:00.913 [Gauge] [ERROR] Unable to add directory C:\Users\ASUS\IdeaProjects\UITestCaseExercise\specs to file watcher: GetFileAttributes: Sistem belirtilen dosyayı bulamıyor.
22-08-2021 15:27:00.931 [Gauge] [INFO] Initializing concepts cache with 0 concepts
22-08-2021 15:27:00.936 [Gauge] [INFO] Initializing specs cache with 0 specs
22-08-2021 15:27:00.936 [Gauge] [INFO] Initializing steps cache with 0 steps
22-08-2021 15:27:00.936 [Gauge] [INFO] Gauge daemon initialized and listening on port: 60911
23-08-2021 00:09:33.386 [Gauge] [ERROR] Unable to add directory C:\Users\ASUS\IdeaProjects\UITestCaseExercise\specs to file watcher: GetFileAttributes: Sistem belirtilen dosyayı bulamıyor.
23-08-2021 00:09:33.407 [Gauge] [INFO] Initializing concepts cache with 0 concepts
23-08-2021 00:09:33.407 [Gauge] [INFO] Initializing specs cache with 0 specs
23-08-2021 00:09:33.407 [Gauge] [INFO] Initializing steps cache with 0 steps
23-08-2021 00:09:33.407 [Gauge] [INFO] Gauge daemon initialized and listening on port: 55596
23-08-2021 18:21:09.792 [Gauge] [ERROR] Unable to add directory C:\Users\ASUS\IdeaProjects\UITestCaseExercise\specs to file watcher: GetFileAttributes: Sistem belirtilen dosyayı bulamıyor.
23-08-2021 18:21:09.818 [Gauge] [INFO] Initializing concepts cache with 0 concepts
23-08-2021 18:21:09.818 [Gauge] [INFO] Initializing specs cache with 0 specs
23-08-2021 18:21:09.818 [Gauge] [INFO] Initializing steps cache with 0 steps
23-08-2021 18:21:09.818 [Gauge] [INFO] Gauge daemon initialized and listening on port: 58706
23-08-2021 18:27:18.307 [Gauge] [INFO] Closing connection [127.0.0.1:58707] cause: read tcp 127.0.0.1:58706->127.0.0.1:58707: wsarecv: Varolan bir bağlantı uzaktaki bir ana bilgisayar tarafından zorla kapatıldı.
23-08-2021 18:27:18.642 [Gauge] [CRITICAL] Killing Gauge daemon. Parent process with pid 9124 has terminated.
29-08-2021 14:07:23.145 [Gauge] [ERROR] Unable to add directory C:\Users\ASUS\IdeaProjects\UITestCaseExercise\specs to file watcher: GetFileAttributes: Sistem belirtilen dosyayı bulamıyor.
29-08-2021 14:07:23.165 [Gauge] [INFO] Initializing concepts cache with 0 concepts
29-08-2021 14:07:23.167 [Gauge] [INFO] Initializing specs cache with 0 specs
29-08-2021 14:07:23.167 [Gauge] [INFO] Initializing steps cache with 0 steps
29-08-2021 14:07:23.168 [Gauge] [INFO] Gauge daemon initialized and listening on port: 63924
31-08-2021 08:43:33.727 [Gauge] [ERROR] Unable to add directory C:\Users\ASUS\IdeaProjects\UITestCaseExercise\specs to file watcher: GetFileAttributes: Sistem belirtilen dosyayı bulamıyor.
31-08-2021 08:43:33.755 [Gauge] [INFO] Initializing concepts cache with 0 concepts
31-08-2021 08:43:33.756 [Gauge] [INFO] Initializing specs cache with 0 specs
31-08-2021 08:43:33.756 [Gauge] [INFO] Initializing steps cache with 0 steps
31-08-2021 08:43:33.756 [Gauge] [INFO] Gauge daemon initialized and listening on port: 57697
31-08-2021 13:47:23.066 [Gauge] [ERROR] Unable to add directory C:\Users\ASUS\IdeaProjects\UITestCaseExercise\specs to file watcher: GetFileAttributes: Sistem belirtilen dosyayı bulamıyor.
31-08-2021 13:47:23.077 [Gauge] [INFO] Initializing concepts cache with 0 concepts
31-08-2021 13:47:23.077 [Gauge] [INFO] Initializing specs cache with 0 specs
31-08-2021 13:47:23.077 [Gauge] [INFO] Initializing steps cache with 0 steps
31-08-2021 13:47:23.077 [Gauge] [INFO] Gauge daemon initialized and listening on port: 61425
02-09-2021 21:53:49.561 [Gauge] [ERROR] Unable to add directory C:\Users\ASUS\IdeaProjects\UITestCaseExercise\specs to file watcher: GetFileAttributes: Sistem belirtilen dosyayı bulamıyor.
02-09-2021 21:53:49.588 [Gauge] [INFO] Initializing concepts cache with 0 concepts
02-09-2021 21:53:49.590 [Gauge] [INFO] Initializing specs cache with 0 specs
02-09-2021 21:53:49.590 [Gauge] [INFO] Initializing steps cache with 0 steps
02-09-2021 21:53:49.590 [Gauge] [INFO] Gauge daemon initialized and listening on port: 61738
